[GIN-VUE-ADMIN]2020/10/30 - 23:29:46.614 Y:/WebWork/initialize/tables.go:12 ▶ [DEBUG] register table success
[GIN-VUE-ADMIN]2020/10/30 - 23:29:46.689 Y:/WebWork/initialize/router.go:20 ▶ [DEBUG] use middleware cors
[GIN-VUE-ADMIN]2020/10/30 - 23:29:46.691 Y:/WebWork/initialize/router.go:25 ▶ [DEBUG] router register success
[GIN-VUE-ADMIN]2020/10/31 - 00:04:06.111 /root/project/WebWork/initialize/tables.go:12 ▶ [DEBUG] register table success
[GIN-VUE-ADMIN]2020/10/31 - 00:04:06.112 /root/project/WebWork/initialize/router.go:20 ▶ [DEBUG] use middleware cors
[GIN-VUE-ADMIN]2020/10/31 - 00:04:06.112 /root/project/WebWork/initialize/router.go:25 ▶ [DEBUG] router register success
[GIN-VUE-ADMIN]2020/10/31 - 00:16:26.614 /root/project/WebWork/initialize/tables.go:12 ▶ [DEBUG] register table success
[GIN-VUE-ADMIN]2020/10/31 - 00:16:26.615 /root/project/WebWork/initialize/router.go:20 ▶ [DEBUG] use middleware cors
[GIN-VUE-ADMIN]2020/10/31 - 00:16:26.615 /root/project/WebWork/initialize/router.go:25 ▶ [DEBUG] router register success
[GIN-VUE-ADMIN]2020/10/31 - 00:24:26.833 /root/project/WebWork/initialize/tables.go:12 ▶ [DEBUG] register table success
[GIN-VUE-ADMIN]2020/10/31 - 00:24:26.833 /root/project/WebWork/initialize/router.go:20 ▶ [DEBUG] use middleware cors
[GIN-VUE-ADMIN]2020/10/31 - 00:24:26.834 /root/project/WebWork/initialize/router.go:25 ▶ [DEBUG] router register success
[GIN-VUE-ADMIN]2020/10/31 - 00:25:17.417 /root/project/WebWork/initialize/tables.go:12 ▶ [DEBUG] register table success
[GIN-VUE-ADMIN]2020/10/31 - 00:25:17.418 /root/project/WebWork/initialize/router.go:20 ▶ [DEBUG] use middleware cors
[GIN-VUE-ADMIN]2020/10/31 - 00:25:17.418 /root/project/WebWork/initialize/router.go:25 ▶ [DEBUG] router register success
[GIN-VUE-ADMIN]2020/10/31 - 00:30:27.304 /root/project/WebWork/initialize/tables.go:12 ▶ [DEBUG] register table success
[GIN-VUE-ADMIN]2020/10/31 - 00:30:27.305 /root/project/WebWork/initialize/router.go:20 ▶ [DEBUG] use middleware cors
[GIN-VUE-ADMIN]2020/10/31 - 00:30:27.306 /root/project/WebWork/initialize/router.go:25 ▶ [DEBUG] router register success
[GIN-VUE-ADMIN]2020/10/31 - 00:31:02.734 /root/project/WebWork/initialize/tables.go:12 ▶ [DEBUG] register table success
[GIN-VUE-ADMIN]2020/10/31 - 00:31:02.735 /root/project/WebWork/initialize/router.go:20 ▶ [DEBUG] use middleware cors
[GIN-VUE-ADMIN]2020/10/31 - 00:31:02.735 /root/project/WebWork/initialize/router.go:25 ▶ [DEBUG] router register success
